mode: set
github.com/drgomesp/gogo/generator/file.go:19.43,21.2 1 0
github.com/drgomesp/gogo/generator/file.go:24.70,27.16 2 0
github.com/drgomesp/gogo/generator/file.go:31.2,33.16 2 0
github.com/drgomesp/gogo/generator/file.go:37.2,37.29 1 0
github.com/drgomesp/gogo/generator/file.go:27.16,29.3 1 0
github.com/drgomesp/gogo/generator/file.go:33.16,35.3 1 0
github.com/drgomesp/gogo/generator/struct.go:14.45,16.2 1 1
github.com/drgomesp/gogo/generator/struct.go:18.43,19.23 1 1
github.com/drgomesp/gogo/generator/struct.go:33.2,33.11 1 1
github.com/drgomesp/gogo/generator/struct.go:19.23,22.38 2 1
github.com/drgomesp/gogo/generator/struct.go:27.3,30.25 2 1
github.com/drgomesp/gogo/generator/struct.go:22.38,25.4 1 1
github.com/drgomesp/gogo/generator/struct.go:36.44,37.24 1 1
github.com/drgomesp/gogo/generator/struct.go:53.2,53.11 1 1
github.com/drgomesp/gogo/generator/struct.go:37.24,42.39 3 1
github.com/drgomesp/gogo/generator/struct.go:50.3,50.25 1 1
github.com/drgomesp/gogo/generator/struct.go:42.39,43.39 1 1
github.com/drgomesp/gogo/generator/struct.go:47.4,47.68 1 1
github.com/drgomesp/gogo/generator/struct.go:43.39,45.5 1 1
github.com/drgomesp/gogo/generator/struct_field.go:15.50,17.2 1 1
github.com/drgomesp/gogo/generator/struct_method.go:21.51,23.2 1 1
github.com/drgomesp/gogo/generator/struct_method.go:26.53,27.28 1 1
github.com/drgomesp/gogo/generator/struct_method.go:31.2,33.41 2 1
github.com/drgomesp/gogo/generator/struct_method.go:41.2,41.24 1 1
github.com/drgomesp/gogo/generator/struct_method.go:27.28,29.3 1 1
github.com/drgomesp/gogo/generator/struct_method.go:33.41,36.31 2 1
github.com/drgomesp/gogo/generator/struct_method.go:36.31,38.4 1 1
github.com/drgomesp/gogo/generator/struct_method.go:45.50,46.43 1 1
github.com/drgomesp/gogo/generator/struct_method.go:50.2,52.53 2 1
github.com/drgomesp/gogo/generator/struct_method.go:65.2,65.24 1 1
github.com/drgomesp/gogo/generator/struct_method.go:46.43,48.3 1 1
github.com/drgomesp/gogo/generator/struct_method.go:52.53,55.37 2 1
github.com/drgomesp/gogo/generator/struct_method.go:62.3,62.26 1 1
github.com/drgomesp/gogo/generator/struct_method.go:55.37,58.27 2 1
github.com/drgomesp/gogo/generator/struct_method.go:58.27,60.5 1 1
